Log file open, 07/28/18 22:44:32
LogWindows: Failed to load 'aqProf.dll' (GetLastError=126)
LogWindows: File 'aqProf.dll' does not exist
LogWindows: Failed to load 'VSPerf140.dll' (GetLastError=126)
LogWindows: File 'VSPerf140.dll' does not exist
LogWindows: Failed to load 'VtuneApi.dll' (GetLastError=126)
LogWindows: File 'VtuneApi.dll' does not exist
LogWindows: Failed to load 'VtuneApi32e.dll' (GetLastError=126)
LogWindows: File 'VtuneApi32e.dll' does not exist
LogInit: Display: Running engine for game: Survival_Horror_Game
LogPlatformFile: Not using cached read wrapper
LogTaskGraph: Started task graph with 5 named threads and 23 total threads with 3 sets of task threads.
LogStats: Stats thread started at 0.282015
LogD3D11RHI: Loaded GFSDK_Aftermath_Lib.x64.dll
LogICUInternationalization: Display: ICU TimeZone Detection - Raw Offset: +10:00, Platform Override: ''
LogPluginManager: Mounting plugin Paper2D
LogPluginManager: Mounting plugin AISupport
LogPluginManager: Mounting plugin LightPropagationVolume
LogPluginManager: Mounting plugin CLionSourceCodeAccess
LogPluginManager: Mounting plugin CodeLiteSourceCodeAccess
LogPluginManager: Mounting plugin GitSourceControl
LogPluginManager: Mounting plugin KDevelopSourceCodeAccess
LogPluginManager: Mounting plugin NullSourceCodeAccess
LogPluginManager: Mounting plugin PerforceSourceControl
LogPluginManager: Mounting plugin SubversionSourceControl
LogPluginManager: Mounting plugin UObjectPlugin
LogPluginManager: Mounting plugin VisualStudioCodeSourceCodeAccess
LogPluginManager: Mounting plugin VisualStudioSourceCodeAccess
LogPluginManager: Mounting plugin XCodeSourceCodeAccess
LogPluginManager: Mounting plugin AssetManagerEditor
LogPluginManager: Mounting plugin CryptoKeys
LogPluginManager: Mounting plugin DataValidation
LogPluginManager: Mounting plugin FacialAnimation
LogPluginManager: Mounting plugin GameplayTagsEditor
LogPluginManager: Mounting plugin MacGraphicsSwitching
LogPluginManager: Mounting plugin MeshEditor
LogPluginManager: Mounting plugin MobileLauncherProfileWizard
LogPluginManager: Mounting plugin PluginBrowser
LogPluginManager: Mounting plugin SpeedTreeImporter
LogPluginManager: Mounting plugin DatasmithContent
LogPluginManager: Mounting plugin AlembicImporter
LogPluginManager: Mounting plugin AppleImageUtils
LogPluginManager: Mounting plugin AppleVision
LogPluginManager: Mounting plugin BackChannel
LogPluginManager: Mounting plugin CharacterAI
LogPluginManager: Mounting plugin GeometryCache
LogPluginManager: Mounting plugin HTML5Networking
LogPluginManager: Mounting plugin ProxyLODPlugin
LogPluginManager: Mounting plugin MagicLeap
LogPluginManager: Mounting plugin MagicLeapEmulator
LogPluginManager: Mounting plugin MagicLeapMedia
LogPluginManager: Mounting plugin AndroidMedia
LogPluginManager: Mounting plugin AvfMedia
LogPluginManager: Mounting plugin ImgMedia
LogPluginManager: Mounting plugin LinearTimecode
LogPluginManager: Mounting plugin MediaCompositing
LogPluginManager: Mounting plugin MediaPlayerEditor
LogPluginManager: Mounting plugin WmfMedia
LogPluginManager: Mounting plugin TcpMessaging
LogPluginManager: Mounting plugin UdpMessaging
LogPluginManager: Mounting plugin ActorSequence
LogPluginManager: Mounting plugin LevelSequenceEditor
LogPluginManager: Mounting plugin MatineeToLevelSequence
LogPluginManager: Mounting plugin NetcodeUnitTest
LogPluginManager: Mounting plugin NUTUnrealEngine4
LogPluginManager: Mounting plugin OnlineSubsystemGooglePlay
LogPluginManager: Mounting plugin OnlineSubsystemIOS
LogPluginManager: Mounting plugin OnlineSubsystem
LogPluginManager: Mounting plugin OnlineSubsystemNull
LogPluginManager: Mounting plugin OnlineSubsystemUtils
LogPluginManager: Mounting plugin LauncherChunkInstaller
LogPluginManager: Mounting plugin AndroidDeviceProfileSelector
LogPluginManager: Mounting plugin AndroidMoviePlayer
LogPluginManager: Mounting plugin AndroidPermission
LogPluginManager: Mounting plugin AppleMoviePlayer
LogPluginManager: Mounting plugin ArchVisCharacter
LogPluginManager: Mounting plugin AudioCapture
LogPluginManager: Mounting plugin CableComponent
LogPluginManager: Mounting plugin CustomMeshComponent
LogPluginManager: Mounting plugin EditableMesh
LogPluginManager: Mounting plugin ExampleDeviceProfileSelector
LogPluginManager: Mounting plugin GoogleCloudMessaging
LogPluginManager: Mounting plugin ImmediatePhysics
LogPluginManager: Mounting plugin IOSDeviceProfileSelector
LogPluginManager: Mounting plugin LinuxDeviceProfileSelector
LogPluginManager: Mounting plugin LocationServicesBPLibrary
LogPluginManager: Mounting plugin MobilePatchingUtils
LogPluginManager: Mounting plugin OculusVR
LogPluginManager: Plugin shader directory ../../../Engine/Plugins/Runtime/Oculus/OculusVR/Shaders found
LogPluginManager: Mapping shader source directory ../../../Engine/Plugins/Runtime/Oculus/OculusVR/Shaders to virtual directory /Plugin/OculusVR
LogPluginManager: Mounting plugin PhysXVehicles
LogPluginManager: Mounting plugin ProceduralMeshComponent
LogPluginManager: Mounting plugin RuntimePhysXCooking
LogPluginManager: Mounting plugin SteamVR
LogPluginManager: Mounting plugin WindowsMoviePlayer
LogStreaming: Display: Took  0.129s to configure plugins.
LogInit: Using libcurl 7.55.1-DEV
LogInit:  - built for x86_64-pc-win32
LogInit:  - supports SSL with OpenSSL/1.0.2h
LogInit:  - supports HTTP deflate (compression) using libz 1.2.8
LogInit:  - other features:
LogInit:      CURL_VERSION_SSL
LogInit:      CURL_VERSION_LIBZ
LogInit:      CURL_VERSION_IPV6
LogInit:      CURL_VERSION_ASYNCHDNS
LogInit:      CURL_VERSION_LARGEFILE
LogInit:      CURL_VERSION_IDN
LogInit:  CurlRequestOptions (configurable via config and command line):
LogInit:  - bVerifyPeer = false  - Libcurl will NOT verify peer certificate
LogInit:  - bUseHttpProxy = false  - Libcurl will NOT use HTTP proxy
LogInit:  - bDontReuseConnections = false  - Libcurl will reuse connections
LogInit:  - CertBundlePath = nullptr  - Libcurl will use whatever was configured at build time.
LogInit:  - MaxHostConnections = 16  - Libcurl will limit the number of connections to a host
LogInit:  - LocalHostAddr = Default
LogInit:  - BufferSize = 65536
LogInit: WinSock: version 1.1 (2.2), MaxSocks=32767, MaxUdp=65467
LogInit: Build: ++UE4+Release-4.20-CL-4212847
LogInit: Engine Version: 4.20.0-4212847+++UE4+Release-4.20
LogInit: Compatible Engine Version: 4.20.0-4212847+++UE4+Release-4.20
LogInit: Net CL: 4212847
LogInit: OS: Windows 10 (), CPU: Intel(R) Core(TM) i7-7700HQ CPU @ 2.80GHz, GPU: Intel(R) HD Graphics 630
LogInit: Compiled (64-bit): Jul 14 2018 09:51:14
LogInit: Compiled with Visual C++: 19.13.26129.00
LogInit: Build Configuration: Development
LogInit: Branch Name: ++UE4+Release-4.20
LogInit: Command Line: 
LogInit: Base Directory: F:/Games/Installed/Epic Games/UE_4.20/Engine/Binaries/Win64/
LogInit: Installed Engine Build: 1
LogDevObjectVersion: Number of dev versions registered: 20
LogDevObjectVersion:   Dev-Blueprints (B0D832E4-1F89-4F0D-ACCF-7EB736FD4AA2): 10
LogDevObjectVersion:   Dev-Build (E1C64328-A22C-4D53-A36C-8E866417BD8C): 0
LogDevObjectVersion:   Dev-Core (375EC13C-06E4-48FB-B500-84F0262A717E): 2
LogDevObjectVersion:   Dev-Editor (E4B068ED-F494-42E9-A231-DA0B2E46BB41): 24
LogDevObjectVersion:   Dev-Framework (CFFC743F-43B0-4480-9391-14DF171D2073): 34
LogDevObjectVersion:   Dev-Mobile (B02B49B5-BB20-44E9-A304-32B752E40360): 2
LogDevObjectVersion:   Dev-Networking (A4E4105C-59A1-49B5-A7C5-40C4547EDFEE): 0
LogDevObjectVersion:   Dev-Online (39C831C9-5AE6-47DC-9A44-9C173E1C8E7C): 0
LogDevObjectVersion:   Dev-Physics (78F01B33-EBEA-4F98-B9B4-84EACCB95AA2): 0
LogDevObjectVersion:   Dev-Platform (6631380F-2D4D-43E0-8009-CF276956A95A): 0
LogDevObjectVersion:   Dev-Rendering (12F88B9F-8875-4AFC-A67C-D90C383ABD29): 26
LogDevObjectVersion:   Dev-Sequencer (7B5AE74C-D270-4C10-A958-57980B212A5A): 9
LogDevObjectVersion:   Dev-VR (D7296918-1DD6-4BDD-9DE2-64A83CC13884): 2
LogDevObjectVersion:   Dev-LoadTimes (C2A15278-BFE7-4AFE-6C17-90FF531DF755): 1
LogDevObjectVersion:   Private-Geometry (6EACA3D4-40EC-4CC1-B786-8BED09428FC5): 3
LogDevObjectVersion:   Dev-AnimPhys (29E575DD-E0A3-4627-9D10-D276232CDCEA): 17
LogDevObjectVersion:   Dev-ReflectionCapture (6B266CEC-1EC7-4B8F-A30B-E4D90942FC07): 1
LogDevObjectVersion:   Dev-Automation (0DF73D61-A23F-47EA-B727-89E90C41499A): 1
LogDevObjectVersion:   FortniteMain (601D1886-AC64-4F84-AA16-D3DE0DEAC7D6): 12
LogDevObjectVersion:   Dev-Enterprise (9DFFBCD6-494F-0158-E221-12823C92A888): 1
LogStreaming: Display: Took  0.000s to delete old logs.
LogInit: Presizing for max 8388607 objects, including 0 objects not considered by GC, pre-allocating 0 bytes for permanent pool.
LogInit: Object subsystem initialized
[2018.07.28-12.44.32:537][  0]LogInit: Selected Device Profile: [Windows]
[2018.07.28-12.44.32:537][  0]LogInit: Applying CVar settings loaded from the selected device profile: [Windows]
[2018.07.28-12.44.32:555][  0]LogHAL: Display: Platform has ~ 16 GB [17065697280 / 17179869184 / 16], which maps to Larger [LargestMinGB=32, LargerMinGB=12, DefaultMinGB=8, SmallerMinGB=6, SmallestMinGB=0)
[2018.07.28-12.44.32:555][  0]LogInit: Setting Device Profile CVar: [[r.Vulkan.UseRealUBs:1]]
[2018.07.28-12.44.32:555][  0]LogInit: Going up to parent DeviceProfile []
[2018.07.28-12.44.32:556][  0]LogInit: Computer: ROCK_BOY69
[2018.07.28-12.44.32:556][  0]LogInit: User: Rockboy69
[2018.07.28-12.44.32:556][  0]LogInit: CPU Page size=4096, Cores=4
[2018.07.28-12.44.32:556][  0]LogInit: High frequency timer resolution =2.742194 MHz
[2018.07.28-12.44.32:556][  0]LogMemory: Memory total: Physical=15.9GB (16GB approx)
[2018.07.28-12.44.32:556][  0]LogMemory: Platform Memory Stats for Windows
[2018.07.28-12.44.32:556][  0]LogMemory: Process Physical Memory: 99.54 MB used, 99.54 MB peak
[2018.07.28-12.44.32:556][  0]LogMemory: Process Virtual Memory: 91.07 MB used, 91.07 MB peak
[2018.07.28-12.44.32:556][  0]LogMemory: Physical Memory: 6163.69 MB used,  10111.43 MB free, 16275.12 MB total
[2018.07.28-12.44.32:556][  0]LogMemory: Virtual Memory: 4639.03 MB used,  10111.43 MB free, 134217728.00 MB total
[2018.07.28-12.44.32:575][  0]LogInit: Using OS detected language (en-GB).
[2018.07.28-12.44.32:575][  0]LogInit: Using OS detected locale (en-GB).
[2018.07.28-12.44.32:576][  0]LogTextLocalizationManager: No specific localization for 'en-GB' exists, so the 'en' localization will be used.
[2018.07.28-12.44.32:970][  0]LogStreaming: Display: Took  0.394s to InitEngineTextLocalization.
[2018.07.28-12.44.33:014][  0]LogSlate: New Slate User Created.  User Index 0, Is Virtual User: 0
[2018.07.28-12.44.33:014][  0]LogSlate: Slate User Registered.  User Index 0, Is Virtual User: 0
[2018.07.28-12.44.33:236][  0]LogHMD: Failed to initialize OpenVR with code 110
[2018.07.28-12.44.33:236][  0]LogD3D11RHI: D3D11 adapters:
[2018.07.28-12.44.33:348][  0]LogD3D11RHI:    0. 'NVIDIA GeForce GTX 1060' (Feature Level 11_0)
[2018.07.28-12.44.33:348][  0]LogD3D11RHI:       6052/0/8137 MB DedicatedVideo/DedicatedSystem/SharedSystem, Outputs:2, VendorId:0x10de
[2018.07.28-12.44.33:362][  0]LogD3D11RHI:    1. 'Intel(R) HD Graphics 630' (Feature Level 11_0)
[2018.07.28-12.44.33:362][  0]LogD3D11RHI:       128/0/8137 MB DedicatedVideo/DedicatedSystem/SharedSystem, Outputs:0, VendorId:0x8086
[2018.07.28-12.44.33:365][  0]LogD3D11RHI:    2. 'Microsoft Basic Render Driver' (Feature Level 11_0)
[2018.07.28-12.44.33:365][  0]LogD3D11RHI:       0/0/8137 MB DedicatedVideo/DedicatedSystem/SharedSystem, Outputs:0, VendorId:0x1414
[2018.07.28-12.44.33:365][  0]LogD3D11RHI: Chosen D3D11 Adapter: 0
[2018.07.28-12.44.33:384][  0]LogD3D11RHI: Creating new Direct3DDevice
[2018.07.28-12.44.33:384][  0]LogD3D11RHI:     GPU DeviceId: 0x1c20 (for the marketing name, search the web for "GPU Device Id")
[2018.07.28-12.44.33:384][  0]LogWindows: EnumDisplayDevices:
[2018.07.28-12.44.33:384][  0]LogWindows:    0. 'Intel(R) HD Graphics 630' (P:1 D:1)
[2018.07.28-12.44.33:384][  0]LogWindows:    1. 'Intel(R) HD Graphics 630' (P:0 D:1)
[2018.07.28-12.44.33:385][  0]LogWindows:    2. 'Intel(R) HD Graphics 630' (P:0 D:0)
[2018.07.28-12.44.33:385][  0]LogWindows:    3. 'NVIDIA GeForce GTX 1060' (P:0 D:0)
[2018.07.28-12.44.33:385][  0]LogWindows: DebugString: PrimaryIsNotTheChoosenAdapter PrimaryIsNotTheChoosenAdapter PrimaryIsNotTheChoosenAdapter 
[2018.07.28-12.44.33:385][  0]LogD3D11RHI:     Adapter Name: NVIDIA GeForce GTX 1060
[2018.07.28-12.44.33:385][  0]LogD3D11RHI:   Driver Version: 398.36 (internal:24.21.13.9836, unified:398.36)
[2018.07.28-12.44.33:385][  0]LogD3D11RHI:      Driver Date: 6-24-2018
[2018.07.28-12.44.33:385][  0]LogRHI: Texture pool is 4236 MB (70% of 6052 MB)
[2018.07.28-12.44.33:435][  0]LogD3D11RHI: Async texture creation enabled
[2018.07.28-12.44.33:471][  0]LogD3D11RHI: GPU Timing Frequency: 1000.000000 (Debug: 2 2)
[2018.07.28-12.44.33:473][  0]LogShaderCompilers: Guid format shader working directory is -20 characters bigger than the processId version (C:/Users/Rock_boy69/Documents/Unreal Projects/Survival_Horror_Game 4.20/Intermediate/Shaders/WorkingDirectory/5356/).
[2018.07.28-12.44.33:473][  0]LogShaderCompilers: Cleaned the shader compiler working directory 'C:/Users/Rock_boy69/AppData/Local/Temp/UnrealShaderWorkingDir/6868BDE749C8B8B1D3438CA957D26097/'.
[2018.07.28-12.44.33:758][  0]LogTemp: Display: Loaded TP AllDesktopTargetPlatform
[2018.07.28-12.44.33:771][  0]LogTemp: Display: Loaded TP MacClientTargetPlatform
[2018.07.28-12.44.33:784][  0]LogTemp: Display: Loaded TP MacNoEditorTargetPlatform
[2018.07.28-12.44.33:798][  0]LogTemp: Display: Loaded TP MacServerTargetPlatform
[2018.07.28-12.44.33:812][  0]LogTemp: Display: Loaded TP MacTargetPlatform
[2018.07.28-12.44.33:827][  0]LogTemp: Display: Loaded TP WindowsClientTargetPlatform
[2018.07.28-12.44.33:839][  0]LogTemp: Display: Loaded TP WindowsNoEditorTargetPlatform
[2018.07.28-12.44.33:852][  0]LogTemp: Display: Loaded TP WindowsServerTargetPlatform
[2018.07.28-12.44.33:858][  0]LogTemp: Display: Loaded TP WindowsTargetPlatform
[2018.07.28-12.44.33:935][  0]LogTemp: Display: Loaded TP AndroidTargetPlatform
[2018.07.28-12.44.33:935][  0]LogTemp: Display: Loaded TP AndroidTargetPlatform
[2018.07.28-12.44.33:935][  0]LogTemp: Display: Loaded TP AndroidTargetPlatform
[2018.07.28-12.44.33:935][  0]LogTemp: Display: Loaded TP AndroidTargetPlatform
[2018.07.28-12.44.33:935][  0]LogTemp: Display: Loaded TP AndroidTargetPlatform
[2018.07.28-12.44.33:935][  0]LogTemp: Display: Loaded TP AndroidTargetPlatform
[2018.07.28-12.44.33:935][  0]LogTemp: Display: Loaded TP AndroidTargetPlatform
[2018.07.28-12.44.33:935][  0]LogTemp: Display: Loaded TP AndroidTargetPlatform
[2018.07.28-12.44.33:935][  0]LogTemp: Display: Loaded TP AndroidTargetPlatform
[2018.07.28-12.44.33:935][  0]LogTemp: Display: Loaded TP AndroidTargetPlatform
[2018.07.28-12.44.33:935][  0]LogTemp: Display: Loaded TP AndroidTargetPlatform
[2018.07.28-12.44.33:935][  0]LogTemp: Display: Loaded TP AndroidTargetPlatform
[2018.07.28-12.44.33:935][  0]LogTemp: Display: Loaded TP AndroidTargetPlatform
[2018.07.28-12.44.33:936][  0]LogTemp: Display: Loaded TP AndroidTargetPlatform
[2018.07.28-12.44.33:936][  0]LogTemp: Display: Loaded TP AndroidTargetPlatform
[2018.07.28-12.44.33:936][  0]LogTemp: Display: Loaded TP AndroidTargetPlatform
[2018.07.28-12.44.33:936][  0]LogTemp: Display: Loaded TP AndroidTargetPlatform
[2018.07.28-12.44.33:936][  0]LogTemp: Display: Loaded TP AndroidTargetPlatform
[2018.07.28-12.44.33:937][  0]LogTemp: Display: Loaded TP HTML5TargetPlatform
[2018.07.28-12.44.33:997][  0]LogTemp: Display: Loaded TP IOSTargetPlatform
[2018.07.28-12.44.33:997][  0]LogTemp: Display: Loaded TP IOSTargetPlatform
[2018.07.28-12.44.34:022][  0]LogTemp: Display: Loaded TP TVOSTargetPlatform
[2018.07.28-12.44.34:022][  0]LogTemp: Display: Loaded TP TVOSTargetPlatform
[2018.07.28-12.44.34:038][  0]LogTemp: Display: Loaded TP LinuxClientTargetPlatform
[2018.07.28-12.44.34:051][  0]LogTemp: Display: Loaded TP LinuxNoEditorTargetPlatform
[2018.07.28-12.44.34:063][  0]LogTemp: Display: Loaded TP LinuxServerTargetPlatform
[2018.07.28-12.44.34:077][  0]LogTemp: Display: Loaded TP LinuxTargetPlatform
[2018.07.28-12.44.34:086][  0]LogTemp: Display: Loaded TP LuminTargetPlatform
[2018.07.28-12.44.34:086][  0]LogTargetPlatformManager: Display: Building Assets For Windows
[2018.07.28-12.44.34:156][  0]LogXGEController: Cannot use XGE Controller as Incredibuild is not installed on this machine.
[2018.07.28-12.44.34:156][  0]LogShaderCompilers: Cannot use XGE Shader Compiler as Incredibuild is not installed on this machine.
[2018.07.28-12.44.34:156][  0]LogShaderCompilers: Display: Using Local Shader Compiler.
[2018.07.28-12.44.34:836][  0]LogDerivedDataCache: Display: Max Cache Size: 512 MB
[2018.07.28-12.44.34:894][  0]LogDerivedDataCache: Loaded boot cache 0.06s 87MB C:/Users/Rock_boy69/AppData/Local/UnrealEngine/4.20/DerivedDataCache/Boot.ddc.
[2018.07.28-12.44.34:895][  0]LogDerivedDataCache: Display: Loaded Boot cache: C:/Users/Rock_boy69/AppData/Local/UnrealEngine/4.20/DerivedDataCache/Boot.ddc
[2018.07.28-12.44.34:895][  0]LogDerivedDataCache: FDerivedDataBackendGraph:  Pak pak cache file C:/Users/Rock_boy69/Documents/Unreal Projects/Survival_Horror_Game 4.20/DerivedDataCache/DDC.ddp not found, will not use a pak cache.
[2018.07.28-12.44.34:895][  0]LogDerivedDataCache: Unable to find inner node Pak for hierarchical cache Hierarchy.
[2018.07.28-12.44.34:895][  0]LogDerivedDataCache: FDerivedDataBackendGraph:  CompressedPak pak cache file C:/Users/Rock_boy69/Documents/Unreal Projects/Survival_Horror_Game 4.20/DerivedDataCache/Compressed.ddp not found, will not use a pak cache.
[2018.07.28-12.44.34:895][  0]LogDerivedDataCache: Unable to find inner node CompressedPak for hierarchical cache Hierarchy.
[2018.07.28-12.44.34:907][  0]LogDerivedDataCache: Display: Pak cache opened for reading ../../../Engine/DerivedDataCache/Compressed.ddp.
[2018.07.28-12.44.34:920][  0]LogDerivedDataCache: Using Local data cache path C:/Users/Rock_boy69/AppData/Local/UnrealEngine/Common/DerivedDataCache: Writable
[2018.07.28-12.44.34:920][  0]LogDerivedDataCache: Shared data cache path not found in *engine.ini, will not use an Shared cache.
[2018.07.28-12.44.34:920][  0]LogDerivedDataCache: Unable to find inner node Shared for hierarchical cache Hierarchy.
[2018.07.28-12.44.34:939][  0]LogMaterial: Verifying Global Shaders for PCD3D_SM5
[2018.07.28-12.44.34:941][  0]LogSlate: Using FreeType 2.6.0
[2018.07.28-12.44.34:941][  0]LogSlate: SlateFontServices - WITH_FREETYPE: 1, WITH_HARFBUZZ: 1
[2018.07.28-12.44.35:017][  0]LogAssetRegistry: FAssetRegistry took 0.0264 seconds to start up
[2018.07.28-12.44.35:349][  0]LogInit: Selected Device Profile: [Windows]
[2018.07.28-12.44.35:489][  0]LogSimplygon: Simplygon DLL not present - disabling.
[2018.07.28-12.44.35:493][  0]LogMeshReduction: Using SimplygonSwarm for distributed automatic mesh merging
[2018.07.28-12.44.35:493][  0]LogMeshReduction: Using ProxyLODMeshReduction for automatic mesh merging
[2018.07.28-12.44.35:493][  0]LogMeshReduction: Using QuadricMeshReduction for automatic static mesh reduction
[2018.07.28-12.44.35:493][  0]LogMeshReduction: No automatic skeletal mesh reduction module available
[2018.07.28-12.44.35:514][  0]LogNetVersion: Survival_Horror_Game 1.0.0, NetCL: 4212847, EngineNetVer: 5, GameNetVer: 0 (Checksum: 3992801079)
[2018.07.28-12.44.36:114][  0]LogPackageLocalizationCache: Processed 11 localized package path(s) for 2 prioritized culture(s) in 0.141479 seconds
[2018.07.28-12.44.36:122][  0]LogUObjectArray: 38425 objects as part of root set at end of initial load.
[2018.07.28-12.44.36:122][  0]LogUObjectAllocator: 6690864 out of 0 bytes used by permanent object pool.
[2018.07.28-12.44.36:122][  0]LogUObjectArray: CloseDisregardForGC: 0/0 objects in disregard for GC pool
[2018.07.28-12.44.37:056][  0]LogTcpMessaging: Initializing TcpMessaging bridge
[2018.07.28-12.44.37:070][  0]LogUdpMessaging: Initializing bridge on interface 0.0.0.0:0 to multicast group 230.0.0.1:6666.
[2018.07.28-12.44.37:220][  0]SourceControl: Source control is disabled
[2018.07.28-12.44.37:220][  0]SourceControl: Source control is disabled
[2018.07.28-12.44.37:222][  0]SourceControl: Source control is disabled
[2018.07.28-12.44.37:223][  0]SourceControl: Source control is disabled
[2018.07.28-12.44.37:392][  0]LogAndroidPermission: UAndroidPermissionCallbackProxy::GetInstance
[2018.07.28-12.44.37:487][  0]LogOcInput: OculusInput pre-init called
[2018.07.28-12.44.37:547][  0]LogEngine: Initializing Engine...
[2018.07.28-12.44.37:548][  0]LogHMD: Failed to initialize OpenVR with code 110
[2018.07.28-12.44.37:549][  0]LogStats: UGameplayTagsManager::ConstructGameplayTagTree: ImportINI prefixes -  0.000 s
[2018.07.28-12.44.37:549][  0]LogStats: UGameplayTagsManager::ConstructGameplayTagTree: Construct from data asset -  0.000 s
[2018.07.28-12.44.37:549][  0]LogStats: UGameplayTagsManager::ConstructGameplayTagTree: ImportINI -  0.000 s
[2018.07.28-12.44.37:549][  0]LogStats: UGameplayTagsManager::ConstructGameplayTagTree: GameplayTagTreeChangedEvent.Broadcast -  0.000 s
[2018.07.28-12.44.37:789][  0]LogInit: Initializing FReadOnlyCVARCache
[2018.07.28-12.44.37:803][  0]LogAIModule: Creating AISystem for world Untitled
[2018.07.28-12.44.37:829][  0]LogInit: XAudio2 using 'AAA (Intel(R) Display Audio)' : 2 channels at 48 kHz using 16 bits per sample (channel mask 0x3)
[2018.07.28-12.44.37:838][  0]LogInit: FAudioDevice initialized.
[2018.07.28-12.44.37:838][  0]LogNetVersion: Set ProjectVersion to 1.0.0.0. Version Checksum will be recalculated on next use.
[2018.07.28-12.44.37:898][  0]LogDerivedDataCache: Saved boot cache 0.06s 71MB C:/Users/Rock_boy69/AppData/Local/UnrealEngine/4.20/DerivedDataCache/Boot.ddc.
[2018.07.28-12.44.37:903][  0]LogInit: Texture streaming: Enabled
[2018.07.28-12.44.37:932][  0]LogEngineSessionManager: EngineSessionManager initialized
[2018.07.28-12.44.37:945][  0]LogInit: Transaction tracking system initialized
[2018.07.28-12.44.37:968][  0]BlueprintLog: New page: Editor Load
[2018.07.28-12.44.38:054][  0]LocalizationService: Localization service is disabled
[2018.07.28-12.44.38:323][  0]LogCook: Display: Max memory allowance for cook 16384mb min free memory 0mb
[2018.07.28-12.44.38:323][  0]LogCook: Display: Mobile HDR setting 1
[2018.07.28-12.44.38:323][  0]LogGameplayTags: Display: UGameplayTagsManager::DoneAddingNativeTags. DelegateIsBound: 0
[2018.07.28-12.44.38:323][  0]LogStats: UGameplayTagsManager::ConstructGameplayTagTree: ImportINI prefixes -  0.000 s
[2018.07.28-12.44.38:323][  0]LogStats: UGameplayTagsManager::ConstructGameplayTagTree: Construct from data asset -  0.000 s
[2018.07.28-12.44.38:323][  0]LogStats: UGameplayTagsManager::ConstructGameplayTagTree: ImportINI -  0.000 s
[2018.07.28-12.44.38:323][  0]LogStats: UGameplayTagsManager::ConstructGameplayTagTree: GameplayTagTreeChangedEvent.Broadcast -  0.000 s
[2018.07.28-12.44.38:443][  0]LogFileCache: Scanning file cache for directory 'C:/Users/Rock_boy69/Documents/Unreal Projects/Survival_Horror_Game 4.20/Content/' took 0.02s
[2018.07.28-12.44.38:443][  0]SourceControl: Source control is disabled
[2018.07.28-12.44.38:443][  0]Cmd: MAP LOAD FILE="C:/Users/Rock_boy69/Documents/Unreal Projects/Survival_Horror_Game 4.20/Content/ThirdPersonBP/Maps/ThirdPersonExampleMap.umap" TEMPLATE=0 SHOWPROGRESS=1 FEATURELEVEL=3
[2018.07.28-12.44.38:448][  0]LightingResults: New page: Lighting Build
[2018.07.28-12.44.38:450][  0]MapCheck: New page: Map Check
[2018.07.28-12.44.38:450][  0]LightingResults: New page: Lighting Build
[2018.07.28-12.44.40:133][  0]LogAIModule: Creating AISystem for world ThirdPersonExampleMap
[2018.07.28-12.44.40:147][  0]LogEditorServer: Finished looking for orphan Actors (0.000 secs)
[2018.07.28-12.44.40:171][  0]Cmd: MAP CHECKDEP NOCLEARLOG
[2018.07.28-12.44.40:229][  0]MapCheck: Map check complete: 0 Error(s), 0 Warning(s), took 57.598ms to complete.
[2018.07.28-12.44.40:229][  0]LogFileHelpers: Loading map 'ThirdPersonExampleMap' took 1.787
[2018.07.28-12.44.40:468][  0]LogSlate: Updating window title bar state: overlay mode, drag disabled, window buttons hidden, title bar hidden
[2018.07.28-12.44.40:476][  0]LogSlate: Updating window title bar state: overlay mode, drag disabled, window buttons hidden, title bar hidden
[2018.07.28-12.44.40:485][  0]LogSlate: Updating window title bar state: overlay mode, drag disabled, window buttons hidden, title bar hidden
[2018.07.28-12.44.40:493][  0]LogSlate: Updating window title bar state: overlay mode, drag disabled, window buttons hidden, title bar hidden
[2018.07.28-12.44.40:513][  0]LogCollectionManager: Loaded 0 collections in 0.001918 seconds
[2018.07.28-12.44.40:557][  0]LogFileCache: Scanning file cache for directory 'C:/Users/Rock_boy69/Documents/Unreal Projects/Survival_Horror_Game 4.20/Saved/Collections/' took 0.01s
[2018.07.28-12.44.40:557][  0]LogFileCache: Scanning file cache for directory 'C:/Users/Rock_boy69/Documents/Unreal Projects/Survival_Horror_Game 4.20/Content/Developers/Rockboy69/Collections/' took 0.01s
[2018.07.28-12.44.40:557][  0]LogFileCache: Scanning file cache for directory 'C:/Users/Rock_boy69/Documents/Unreal Projects/Survival_Horror_Game 4.20/Content/Collections/' took 0.01s
[2018.07.28-12.44.40:557][  0]LogCollectionManager: Rebuilt the GUID cache for 0 collections in 0.000000 seconds
[2018.07.28-12.44.40:567][  0]LogContentBrowser: Native class hierarchy populated in 0.0092 seconds. Added 2572 classes and 603 folders.
[2018.07.28-12.44.40:573][  0]LogContentBrowser: Native class hierarchy updated for 'WidgetCarousel' in 0.0002 seconds. Added 0 classes and 0 folders.
[2018.07.28-12.44.41:960][  0]LogContentBrowser: Native class hierarchy updated for 'AddContentDialog' in 0.0003 seconds. Added 0 classes and 0 folders.
[2018.07.28-12.44.42:039][  0]LogContentBrowser: Native class hierarchy updated for 'SceneOutliner' in 0.0003 seconds. Added 1 classes and 2 folders.
[2018.07.28-12.44.42:060][  0]LogSlate: Took 0.000205 seconds to synchronously load lazily loaded font '../../../Engine/Content/Slate/Fonts/Roboto-Regular.ttf' (155K)
[2018.07.28-12.44.42:062][  0]LogSlate: Took 0.000302 seconds to synchronously load lazily loaded font '../../../Engine/Content/Slate/Fonts/Roboto-Bold.ttf' (160K)
[2018.07.28-12.44.42:125][  0]LogSlate: Took 0.056904 seconds to synchronously load lazily loaded font '../../../Engine/Content/Editor/Slate/Fonts/FontAwesome.ttf' (139K)
[2018.07.28-12.44.42:539][  0]LogRenderer: Reallocating scene render targets to support 964x436 Format 10 NumSamples 1 (Frame:1).
[2018.07.28-12.44.42:690][  0]LogContentBrowser: Native class hierarchy updated for 'HierarchicalLODOutliner' in 0.0002 seconds. Added 0 classes and 0 folders.
[2018.07.28-12.44.42:690][  0]LogLoad: (Engine Initialization) Total time: 11.68 seconds
[2018.07.28-12.44.42:690][  0]LogLoad: (Engine Initialization) Total Blueprint compile time: 0.00 seconds
[2018.07.28-12.44.42:708][  0]LogWindowsTextInputMethodSystem: Display: IME system now deactivated.
[2018.07.28-12.44.42:729][  0]LogContentStreaming: Texture pool size now 3000 MB
[2018.07.28-12.44.43:118][  0]LogSlate: Took 0.016209 seconds to synchronously load lazily loaded font '../../../Engine/Content/Slate/Fonts/Roboto-Light.ttf' (167K)
[2018.07.28-12.44.43:140][  1]LogAssetRegistry: Asset discovery search completed in 8.1453 seconds
[2018.07.28-12.44.43:142][  1]LogCollectionManager: Rebuilt the object cache for 0 collections in 0.000000 seconds (found 0 objects)
[2018.07.28-12.44.43:142][  1]LogCollectionManager: Fixed up redirectors for 0 collections in 0.000061 seconds (updated 0 objects)
[2018.07.28-12.44.50:311][427]LogSlate: FSceneViewport::OnFocusLost() reason 0
[2018.07.28-12.44.51:726][507]LogSlate: Took 0.000229 seconds to synchronously load lazily loaded font '../../../Engine/Content/Slate/Fonts/Roboto-Light.ttf' (167K)
[2018.07.28-12.44.51:752][507]LogAssetEditorManager: Opening Asset editor for Blueprint /Game/ThirdPersonBP/Blueprints/ThirdPersonCharacter.ThirdPersonCharacter
[2018.07.28-12.44.52:966][507]LogContentBrowser: Native class hierarchy updated for 'BlueprintGraph' in 0.0006 seconds. Added 116 classes and 0 folders.
[2018.07.28-12.44.55:321][507]LogSlate: Took 0.017828 seconds to synchronously load lazily loaded font '../../../Engine/Content/Slate/Fonts/Roboto-BoldCondensed.ttf' (158K)
[2018.07.28-12.44.55:646][508]LogSlate: Took 0.006301 seconds to synchronously load lazily loaded font '../../../Engine/Content/Slate/Fonts/Roboto-Italic.ttf' (157K)
[2018.07.28-12.46.39:624][507]BlueprintLog: New page: Compile ThirdPersonCharacter
[2018.07.28-12.46.39:662][507]LogBlueprint: Error: [Compiler ThirdPersonCharacter] Spawn node  Create Widget  must have a class specified.
[2018.07.28-12.46.39:834][507]LogBlueprint: Warning: [Compiler ThirdPersonCharacter] [0128.82] Compile of ThirdPersonCharacter failed. 1 Fatal Issue(s) 0 Warning(s) [in 208 ms] (/Game/ThirdPersonBP/Blueprints/ThirdPersonCharacter.ThirdPersonCharacter)
[2018.07.28-12.47.23:177][762]LogSlate: Window 'Pick Parent Class' being destroyed
[2018.07.28-12.47.49:442][728]LogAssetEditorManager: Opening Asset editor for WidgetBlueprint /Game/ThirdPersonBP/Blueprints/SurvivalHUDWidget.SurvivalHUDWidget
[2018.07.28-12.48.33:427][457]LogAssetEditorManager: Opening Asset editor for Blueprint /Game/ThirdPersonBP/Blueprints/MinorHungerPickup.MinorHungerPickup
[2018.07.28-12.48.34:190][481]LogUObjectBase: Warning: Object is not registered
[2018.07.28-12.48.38:681][481]LogStats: FPlatformStackWalk::StackWalkAndDump -  4.492 s
[2018.07.28-12.48.38:681][481]LogOutputDevice: Error: === Handled ensure: ===
[2018.07.28-12.48.38:681][481]LogOutputDevice: Error: 
[2018.07.28-12.48.38:681][481]LogOutputDevice: Error: Ensure condition failed: false [File:D:\Build\++UE4\Sync\Engine\Source\Editor\UnrealEd\Private\Kismet2\KismetDebugUtilities.cpp] [Line: 1142]
[2018.07.28-12.48.38:681][481]LogOutputDevice: Error: Error: Invalid (but non-null) property associated with pin; cannot get variable value
[2018.07.28-12.48.38:681][481]LogOutputDevice: Error: Stack: 
[2018.07.28-12.48.38:681][481]LogOutputDevice: Error: [Callstack] 0x00007ff8025d7136 UE4Editor-Core.dll!UnknownFunction []
[2018.07.28-12.48.38:681][481]LogOutputDevice: Error: [Callstack] 0x00007ff802310c82 UE4Editor-Core.dll!UnknownFunction []
[2018.07.28-12.48.38:681][481]LogOutputDevice: Error: [Callstack] 0x00007ff80232b346 UE4Editor-Core.dll!UnknownFunction []
[2018.07.28-12.48.38:681][481]LogOutputDevice: Error: [Callstack] 0x00007ffffeba13cb UE4Editor-UnrealEd.dll!UnknownFunction []
[2018.07.28-12.48.38:681][481]LogOutputDevice: Error: [Callstack] 0x00007ffffebb07fe UE4Editor-UnrealEd.dll!UnknownFunction []
[2018.07.28-12.48.38:681][481]LogOutputDevice: Error: [Callstack] 0x00007ffffe01da3a UE4Editor-BlueprintGraph.dll!UnknownFunction []
[2018.07.28-12.48.38:681][481]LogOutputDevice: Error: [Callstack] 0x00007ffff8b4ec2a UE4Editor-GraphEditor.dll!UnknownFunction []
[2018.07.28-12.48.38:681][481]LogOutputDevice: Error: [Callstack] 0x00007ffff8b0f337 UE4Editor-GraphEditor.dll!UnknownFunction []
[2018.07.28-12.48.38:681][481]LogOutputDevice: Error: [Callstack] 0x00007ff80b598204 UE4Editor-Slate.dll!UnknownFunction []
[2018.07.28-12.48.38:681][481]LogOutputDevice: Error: [Callstack] 0x00007ff80b7de933 UE4Editor-Slate.dll!UnknownFunction []
[2018.07.28-12.48.38:681][481]LogOutputDevice: Error: [Callstack] 0x00007ff80b5f281a UE4Editor-Slate.dll!UnknownFunction []
[2018.07.28-12.48.38:681][481]LogOutputDevice: Error: [Callstack] 0x00007ff80b5c8190 UE4Editor-Slate.dll!UnknownFunction []
[2018.07.28-12.48.38:681][481]LogOutputDevice: Error: [Callstack] 0x00007ff80b5bb073 UE4Editor-Slate.dll!UnknownFunction []
[2018.07.28-12.48.38:681][481]LogOutputDevice: Error: [Callstack] 0x00007ff8361cd007 UE4Editor-ApplicationCore.dll!UnknownFunction []
[2018.07.28-12.48.38:681][481]LogOutputDevice: Error: [Callstack] 0x00007ff8361c0270 UE4Editor-ApplicationCore.dll!UnknownFunction []
[2018.07.28-12.48.38:681][481]LogOutputDevice: Error: [Callstack] 0x00007ff8361cf4c5 UE4Editor-ApplicationCore.dll!UnknownFunction []
[2018.07.28-12.48.38:681][481]LogOutputDevice: Error: [Callstack] 0x00007ff8361bc209 UE4Editor-ApplicationCore.dll!UnknownFunction []
[2018.07.28-12.48.38:681][481]LogOutputDevice: Error: [Callstack] 0x00007ff8514d6cc1 USER32.dll!UnknownFunction []
[2018.07.28-12.48.38:681][481]LogOutputDevice: Error: [Callstack] 0x00007ff8514d6693 USER32.dll!UnknownFunction []
[2018.07.28-12.48.38:681][481]LogOutputDevice: Error: [Callstack] 0x00007ff8361d0646 UE4Editor-ApplicationCore.dll!UnknownFunction []
[2018.07.28-12.48.38:681][481]LogOutputDevice: Error: [Callstack] 0x00007ff7543654e5 UE4Editor.exe!UnknownFunction []
[2018.07.28-12.48.38:681][481]LogOutputDevice: Error: [Callstack] 0x00007ff754375b3c UE4Editor.exe!UnknownFunction []
[2018.07.28-12.48.38:681][481]LogOutputDevice: Error: [Callstack] 0x00007ff754375bba UE4Editor.exe!UnknownFunction []
[2018.07.28-12.48.38:681][481]LogOutputDevice: Error: [Callstack] 0x00007ff754383dac UE4Editor.exe!UnknownFunction []
[2018.07.28-12.48.38:681][481]LogOutputDevice: Error: [Callstack] 0x00007ff754385aaa UE4Editor.exe!UnknownFunction []
[2018.07.28-12.48.38:681][481]LogOutputDevice: Error: [Callstack] 0x00007ff850d03034 KERNEL32.DLL!UnknownFunction []
[2018.07.28-12.48.38:682][481]LogOutputDevice: Error: [Callstack] 0x00007ff853381431 ntdll.dll!UnknownFunction []
[2018.07.28-12.48.38:682][481]LogOutputDevice: Error: 
[2018.07.28-12.48.38:685][481]LogStats:                SubmitErrorReport -  0.000 s
[2018.07.28-12.48.40:075][481]LogStats:                    SendNewReport -  1.390 s
[2018.07.28-12.48.40:075][481]LogStats:             FDebug::EnsureFailed -  5.886 s
[2018.07.28-12.48.40:076][481]LogUObjectBase: Warning: Object is not registered
[2018.07.28-12.49.02:237][282]LogUObjectBase: Warning: Object is not registered
[2018.07.28-12.49.02:238][282]LogUObjectBase: Warning: Object is not registered
[2018.07.28-12.49.02:882][320]BlueprintLog: New page: Compile MinorHungerPickup
[2018.07.28-12.49.09:784][564]LogAssetEditorManager: Opening Asset editor for Blueprint /Game/ThirdPersonBP/Blueprints/FullHungerPickup.FullHungerPickup
[2018.07.28-12.49.24:854][423]BlueprintLog: New page: Compile FullHungerPickup
[2018.07.28-12.50.13:665][811]LogSlate: Prevented a slow task dialog from being summoned while a context menu was open
[2018.07.28-12.50.18:879][116]BlueprintLog: New page: Compile ThirdPersonCharacter
[2018.07.28-12.50.37:262][374]LogTemp: Repeating last play command: Selected Viewport
[2018.07.28-12.50.37:298][374]LogBlueprintUserMessages: Early PlayInEditor Detection: Level '/Game/ThirdPersonBP/Maps/ThirdPersonExampleMap.ThirdPersonExampleMap:PersistentLevel' has LevelScriptBlueprint '/Game/ThirdPersonBP/Maps/ThirdPersonExampleMap.ThirdPersonExampleMap:PersistentLevel.ThirdPersonExampleMap' with GeneratedClass '/Game/ThirdPersonBP/Maps/ThirdPersonExampleMap.ThirdPersonExampleMap_C' with ClassGeneratedBy '/Game/ThirdPersonBP/Maps/ThirdPersonExampleMap.ThirdPersonExampleMap:PersistentLevel.ThirdPersonExampleMap'
[2018.07.28-12.50.37:298][374]LogPlayLevel: PlayLevel: No blueprints needed recompiling
[2018.07.28-12.50.37:311][374]PIE: New page: PIE session: ThirdPersonExampleMap (29 Jul 2018 08:50:37)
[2018.07.28-12.50.37:311][374]LogPlayLevel: Creating play world package: /Game/ThirdPersonBP/Maps/UEDPIE_0_ThirdPersonExampleMap
[2018.07.28-12.50.37:331][374]LogPlayLevel: PIE: StaticDuplicateObject took: (0.020226s)
[2018.07.28-12.50.37:332][374]LogAIModule: Creating AISystem for world ThirdPersonExampleMap
[2018.07.28-12.50.37:332][374]LogPlayLevel: PIE: World Init took: (0.000603s)
[2018.07.28-12.50.37:332][374]LogPlayLevel: PIE: Created PIE world by copying editor world from /Game/ThirdPersonBP/Maps/ThirdPersonExampleMap.ThirdPersonExampleMap to /Game/ThirdPersonBP/Maps/UEDPIE_0_ThirdPersonExampleMap.ThirdPersonExampleMap (0.020971s)
[2018.07.28-12.50.37:376][374]LogInit: XAudio2 using 'AAA (Intel(R) Display Audio)' : 2 channels at 48 kHz using 16 bits per sample (channel mask 0x3)
[2018.07.28-12.50.37:381][374]LogInit: FAudioDevice initialized.
[2018.07.28-12.50.37:437][374]LogLoad: Game class is 'ThirdPersonGameMode_C'
[2018.07.28-12.50.37:439][374]LogWorld: Bringing World /Game/ThirdPersonBP/Maps/UEDPIE_0_ThirdPersonExampleMap.ThirdPersonExampleMap up for play (max tick rate 60) at 2018.07.28-22.50.37
[2018.07.28-12.50.37:440][374]LogWorld: Bringing up level for play took: 0.001889
[2018.07.28-12.50.37:462][374]LogContentBrowser: Native class hierarchy updated for 'MovieSceneCapture' in 0.0003 seconds. Added 10 classes and 0 folders.
[2018.07.28-12.50.37:463][374]PIE: Play in editor start time for /Game/ThirdPersonBP/Maps/UEDPIE_0_ThirdPersonExampleMap 0.747
[2018.07.28-12.50.37:464][374]LogBlueprintUserMessages: Late PlayInEditor Detection: Level '/Game/ThirdPersonBP/Maps/ThirdPersonExampleMap.ThirdPersonExampleMap:PersistentLevel' has LevelScriptBlueprint '/Game/ThirdPersonBP/Maps/ThirdPersonExampleMap.ThirdPersonExampleMap:PersistentLevel.ThirdPersonExampleMap' with GeneratedClass '/Game/ThirdPersonBP/Maps/ThirdPersonExampleMap.ThirdPersonExampleMap_C' with ClassGeneratedBy '/Game/ThirdPersonBP/Maps/ThirdPersonExampleMap.ThirdPersonExampleMap:PersistentLevel.ThirdPersonExampleMap'
[2018.07.28-12.50.39:596][499]LogBlueprintUserMessages: [MinorHungerPickup2_308] 100
[2018.07.28-12.50.41:763][629]LogBlueprintUserMessages: [FullHungerPickup_158] 100
[2018.07.28-12.50.42:246][658]LogBlueprintUserMessages: [ThirdPersonCharacter_167] 75
[2018.07.28-12.50.43:180][714]LogBlueprintUserMessages: [FullHungerPickup2_481] 100
[2018.07.28-12.50.44:630][801]LogBlueprintUserMessages: [MinorHungerPickup_89] 100
[2018.07.28-12.50.47:247][958]LogBlueprintUserMessages: [ThirdPersonCharacter_167] 75
[2018.07.28-12.50.47:447][970]LogBlueprintUserMessages: Early EndPlayMap Detection: Level '/Game/ThirdPersonBP/Maps/ThirdPersonExampleMap.ThirdPersonExampleMap:PersistentLevel' has LevelScriptBlueprint '/Game/ThirdPersonBP/Maps/ThirdPersonExampleMap.ThirdPersonExampleMap:PersistentLevel.ThirdPersonExampleMap' with GeneratedClass '/Game/ThirdPersonBP/Maps/ThirdPersonExampleMap.ThirdPersonExampleMap_C' with ClassGeneratedBy '/Game/ThirdPersonBP/Maps/ThirdPersonExampleMap.ThirdPersonExampleMap:PersistentLevel.ThirdPersonExampleMap'
[2018.07.28-12.50.47:447][970]LogSlate: Updating window title bar state: overlay mode, drag disabled, window buttons hidden, title bar hidden
[2018.07.28-12.50.47:485][970]LogPlayLevel: Display: Shutting down PIE online subsystems
[2018.07.28-12.50.47:485][970]LogBlueprintUserMessages: Late EndPlayMap Detection: Level '/Game/ThirdPersonBP/Maps/ThirdPersonExampleMap.ThirdPersonExampleMap:PersistentLevel' has LevelScriptBlueprint '/Game/ThirdPersonBP/Maps/ThirdPersonExampleMap.ThirdPersonExampleMap:PersistentLevel.ThirdPersonExampleMap' with GeneratedClass '/Game/ThirdPersonBP/Maps/ThirdPersonExampleMap.ThirdPersonExampleMap_C' with ClassGeneratedBy '/Game/ThirdPersonBP/Maps/ThirdPersonExampleMap.ThirdPersonExampleMap:PersistentLevel.ThirdPersonExampleMap'
[2018.07.28-12.50.47:517][970]LogSlate: Updating window title bar state: overlay mode, drag disabled, window buttons hidden, title bar hidden
[2018.07.28-12.50.47:557][971]LogPlayLevel: Display: Destroying online subsystem :Context_9
[2018.07.28-12.54.54:257][206]LogSavePackage: Moving 'C:/Users/Rock_boy69/Documents/Unreal Projects/Survival_Horror_Game 4.20/Saved/ThirdPersonExampleMap_Auto166E78932472122098A75EFB4FFE9B285.tmp' to 'C:/Users/Rock_boy69/Documents/Unreal Projects/Survival_Horror_Game 4.20/Saved/Autosaves/Game/ThirdPersonBP/Maps/ThirdPersonExampleMap_Auto1.umap'
[2018.07.28-12.54.54:266][206]LogFileHelpers: Editor autosave (incl. sublevels) for '/Game/ThirdPersonBP/Maps/ThirdPersonExampleMap' took 0.212
[2018.07.28-12.54.54:266][206]LogFileHelpers: Editor autosave (incl. sublevels) for all levels took 0.212
[2018.07.28-12.54.54:269][206]OBJ SavePackage: Generating thumbnails for [1] asset(s) in package [/Game/ThirdPersonBP/Blueprints/ThirdPersonCharacter] ([1] browsable assets)...
[2018.07.28-12.54.54:304][206]OBJ SavePackage:     Rendered thumbnail for [Blueprint /Game/ThirdPersonBP/Blueprints/ThirdPersonCharacter.ThirdPersonCharacter]
[2018.07.28-12.54.54:304][206]OBJ SavePackage: Finished generating thumbnails for package [/Game/ThirdPersonBP/Blueprints/ThirdPersonCharacter]
[2018.07.28-12.54.54:363][206]LogSavePackage: Moving 'C:/Users/Rock_boy69/Documents/Unreal Projects/Survival_Horror_Game 4.20/Saved/ThirdPersonCharacter_Auto1924492424DD8CDA128BCACB5E3479CD4.tmp' to 'C:/Users/Rock_boy69/Documents/Unreal Projects/Survival_Horror_Game 4.20/Saved/Autosaves/Game/ThirdPersonBP/Blueprints/ThirdPersonCharacter_Auto1.uasset'
[2018.07.28-12.54.54:365][206]OBJ SavePackage: Generating thumbnails for [1] asset(s) in package [/Game/ThirdPersonBP/Blueprints/FullHungerPickup] ([1] browsable assets)...
[2018.07.28-12.54.54:396][206]OBJ SavePackage:     Rendered thumbnail for [Blueprint /Game/ThirdPersonBP/Blueprints/FullHungerPickup.FullHungerPickup]
[2018.07.28-12.54.54:396][206]OBJ SavePackage: Finished generating thumbnails for package [/Game/ThirdPersonBP/Blueprints/FullHungerPickup]
[2018.07.28-12.54.54:434][206]LogSavePackage: Moving 'C:/Users/Rock_boy69/Documents/Unreal Projects/Survival_Horror_Game 4.20/Saved/FullHungerPickup_Auto1F1C30CE44D9F25AF5D97F5A134C86376.tmp' to 'C:/Users/Rock_boy69/Documents/Unreal Projects/Survival_Horror_Game 4.20/Saved/Autosaves/Game/ThirdPersonBP/Blueprints/FullHungerPickup_Auto1.uasset'
[2018.07.28-12.54.54:435][206]OBJ SavePackage: Generating thumbnails for [1] asset(s) in package [/Game/ThirdPersonBP/Blueprints/MinorHungerPickup] ([1] browsable assets)...
[2018.07.28-12.54.54:466][206]OBJ SavePackage:     Rendered thumbnail for [Blueprint /Game/ThirdPersonBP/Blueprints/MinorHungerPickup.MinorHungerPickup]
[2018.07.28-12.54.54:466][206]OBJ SavePackage: Finished generating thumbnails for package [/Game/ThirdPersonBP/Blueprints/MinorHungerPickup]
[2018.07.28-12.54.54:507][206]LogSavePackage: Moving 'C:/Users/Rock_boy69/Documents/Unreal Projects/Survival_Horror_Game 4.20/Saved/MinorHungerPickup_Auto18F21978C40471B2D4DBF78A73DBD748A.tmp' to 'C:/Users/Rock_boy69/Documents/Unreal Projects/Survival_Horror_Game 4.20/Saved/Autosaves/Game/ThirdPersonBP/Blueprints/MinorHungerPickup_Auto1.uasset'
[2018.07.28-12.54.54:509][206]OBJ SavePackage: Generating thumbnails for [0] asset(s) in package [/Game/ThirdPersonBP/Blueprints/SurvivalHUDWidget] ([1] browsable assets)...
[2018.07.28-12.54.54:509][206]OBJ SavePackage: Finished generating thumbnails for package [/Game/ThirdPersonBP/Blueprints/SurvivalHUDWidget]
[2018.07.28-12.54.54:520][206]LogSavePackage: Moving 'C:/Users/Rock_boy69/Documents/Unreal Projects/Survival_Horror_Game 4.20/Saved/SurvivalHUDWidget_Auto12240B39049CAEAE8E6BE488E8FE46106.tmp' to 'C:/Users/Rock_boy69/Documents/Unreal Projects/Survival_Horror_Game 4.20/Saved/Autosaves/Game/ThirdPersonBP/Blueprints/SurvivalHUDWidget_Auto1.uasset'
[2018.07.28-12.54.54:522][206]LogFileHelpers: Auto-saving content packages took 0.254
[2018.07.28-12.59.13:364][981]LogSlate: FSceneViewport::OnFocusLost() reason 2
[2018.07.28-12.59.15:499][ 82]LogSavePackage: Moving 'C:/Users/Rock_boy69/Documents/Unreal Projects/Survival_Horror_Game 4.20/Saved/ThirdPersonExampleMap9DA4CD5B48F38C66FF375D9DD80EEFE7.tmp' to 'C:/Users/Rock_boy69/Documents/Unreal Projects/Survival_Horror_Game 4.20/Content/ThirdPersonBP/Maps/ThirdPersonExampleMap.umap'
[2018.07.28-12.59.15:761][ 82]LogSavePackage: Moving 'C:/Users/Rock_boy69/Documents/Unreal Projects/Survival_Horror_Game 4.20/Saved/ThirdPersonExampleMap_BuiltData99D71C2343239EC014D6AEB5847A046D.tmp' to 'C:/Users/Rock_boy69/Documents/Unreal Projects/Survival_Horror_Game 4.20/Content/ThirdPersonBP/Maps/ThirdPersonExampleMap_BuiltData.uasset'
[2018.07.28-12.59.20:347][161]LogSlate: Window 'Save Content' being destroyed
[2018.07.28-12.59.20:409][161]LogSavePackage: Moving 'C:/Users/Rock_boy69/Documents/Unreal Projects/Survival_Horror_Game 4.20/Saved/FullHungerPickup39752FA248A0D9CC0EFA3692CED8CFBD.tmp' to 'C:/Users/Rock_boy69/Documents/Unreal Projects/Survival_Horror_Game 4.20/Content/ThirdPersonBP/Blueprints/FullHungerPickup.uasset'
[2018.07.28-12.59.20:450][161]LogSavePackage: Moving 'C:/Users/Rock_boy69/Documents/Unreal Projects/Survival_Horror_Game 4.20/Saved/MinorHungerPickup30A2D83F4F2BA5212966B2B6575975E7.tmp' to 'C:/Users/Rock_boy69/Documents/Unreal Projects/Survival_Horror_Game 4.20/Content/ThirdPersonBP/Blueprints/MinorHungerPickup.uasset'
[2018.07.28-12.59.20:503][161]LogSavePackage: Moving 'C:/Users/Rock_boy69/Documents/Unreal Projects/Survival_Horror_Game 4.20/Saved/SurvivalHUDWidget38EF7C7A46AA6DAA4247AFAAE846CEF9.tmp' to 'C:/Users/Rock_boy69/Documents/Unreal Projects/Survival_Horror_Game 4.20/Content/ThirdPersonBP/Blueprints/SurvivalHUDWidget.uasset'
[2018.07.28-12.59.20:560][161]LogSavePackage: Moving 'C:/Users/Rock_boy69/Documents/Unreal Projects/Survival_Horror_Game 4.20/Saved/ThirdPersonCharacter1A2C50344DA7FFC71D235F884E6CF2A3.tmp' to 'C:/Users/Rock_boy69/Documents/Unreal Projects/Survival_Horror_Game 4.20/Content/ThirdPersonBP/Blueprints/ThirdPersonCharacter.uasset'
[2018.07.28-12.59.20:719][161]LogActorComponent: UnregisterComponent: (/Engine/Transient.EditorFloorComp) Not registered. Aborting.
[2018.07.28-12.59.20:776][161]LogSlate: Window 'FullHungerPickup' being destroyed
[2018.07.28-12.59.20:781][161]LogActorComponent: UnregisterComponent: (/Engine/Transient.EditorFloorComp) Not registered. Aborting.
[2018.07.28-12.59.20:842][161]LogSlate: Window 'Survival_Horror_Game - Unreal Editor' being destroyed
[2018.07.28-12.59.20:844][161]LogWindowsTextInputMethodSystem: Display: IME system now deactivated.
[2018.07.28-12.59.21:029][162]Cmd: QUIT_EDITOR
[2018.07.28-12.59.22:030][162]LogExit: Preparing to exit.
[2018.07.28-12.59.22:623][162]LogExit: Editor shut down
[2018.07.28-12.59.22:624][162]LogExit: Transaction tracking system shut down
[2018.07.28-12.59.23:034][162]LogExit: Object subsystem successfully closed.
[2018.07.28-12.59.23:074][162]LogShaderCompilers: Display: Shaders left to compile 0
[2018.07.28-12.59.23:078][162]LogD3D11RHI: Shutdown
[2018.07.28-12.59.23:078][162]LogD3D11RHI: CleanupD3DDevice
[2018.07.28-12.59.23:081][162]LogD3D11RHI: ~FD3D11DynamicRHI
[2018.07.28-12.59.23:089][162]LogModuleManager: Shutting down and abandoning module MovieSceneCapture (618)
[2018.07.28-12.59.23:089][162]LogModuleManager: Shutting down and abandoning module Voice (616)
[2018.07.28-12.59.23:089][162]LogModuleManager: Shutting down and abandoning module SequencerWidgets (614)
[2018.07.28-12.59.23:089][162]LogModuleManager: Shutting down and abandoning module BlueprintGraph (612)
[2018.07.28-12.59.23:090][162]LogModuleManager: Shutting down and abandoning module HierarchicalLODOutliner (610)
[2018.07.28-12.59.23:090][162]LogModuleManager: Shutting down and abandoning module SceneOutliner (608)
[2018.07.28-12.59.23:090][162]LogModuleManager: Shutting down and abandoning module AddContentDialog (606)
[2018.07.28-12.59.23:090][162]LogModuleManager: Shutting down and abandoning module WidgetCarousel (605)
[2018.07.28-12.59.23:090][162]LogModuleManager: Shutting down and abandoning module EditorWidgets (602)
[2018.07.28-12.59.23:090][162]LogModuleManager: Shutting down and abandoning module CollectionManager (600)
[2018.07.28-12.59.23:090][162]LogModuleManager: Shutting down and abandoning module StatsViewer (598)
[2018.07.28-12.59.23:090][162]LogModuleManager: Shutting down and abandoning module FoliageEdit (596)
[2018.07.28-12.59.23:090][162]LogModuleManager: Shutting down and abandoning module LandscapeEditor (594)
[2018.07.28-12.59.23:090][162]LogModuleManager: Shutting down and abandoning module MeshPaintMode (592)
[2018.07.28-12.59.23:090][162]LogModuleManager: Shutting down and abandoning module SceneDepthPickerMode (590)
[2018.07.28-12.59.23:090][162]LogModuleManager: Shutting down and abandoning module ActorPickerMode (588)
[2018.07.28-12.59.23:090][162]LogModuleManager: Shutting down and abandoning module GeometryMode (586)
[2018.07.28-12.59.23:090][162]LogModuleManager: Shutting down and abandoning module TextureAlignMode (584)
[2018.07.28-12.59.23:090][162]LogModuleManager: Shutting down and abandoning module BspMode (582)
[2018.07.28-12.59.23:090][162]LogModuleManager: Shutting down and abandoning module PIEPreviewDeviceProfileSelector (580)
[2018.07.28-12.59.23:090][162]LogModuleManager: Shutting down and abandoning module SequenceRecorderSections (578)
[2018.07.28-12.59.23:090][162]LogModuleManager: Shutting down and abandoning module AutomationWorker (576)
[2018.07.28-12.59.23:090][162]LogModuleManager: Shutting down and abandoning module AudioCaptureEditor (574)
[2018.07.28-12.59.23:090][162]LogModuleManager: Shutting down and abandoning module SequenceRecorder (573)
[2018.07.28-12.59.23:090][162]LogModuleManager: Shutting down and abandoning module MatineeToLevelSequence (570)
[2018.07.28-12.59.23:090][162]LogModuleManager: Shutting down and abandoning module LevelSequenceEditor (568)
[2018.07.28-12.59.23:091][162]LogModuleManager: Shutting down and abandoning module PlacementMode (567)
[2018.07.28-12.59.23:091][162]LogModuleManager: Shutting down and abandoning module MaterialEditor (566)
[2018.07.28-12.59.23:091][162]LogModuleManager: Shutting down and abandoning module WmfMediaFactory (562)
[2018.07.28-12.59.23:091][162]LogModuleManager: Shutting down and abandoning module WmfMediaEditor (560)
[2018.07.28-12.59.23:091][162]LogModuleManager: Shutting down and abandoning module MediaPlayerEditor (558)
[2018.07.28-12.59.23:091][162]LogModuleManager: Shutting down and abandoning module OpenExrWrapper (556)
[2018.07.28-12.59.23:091][162]LogModuleManager: Shutting down and abandoning module ImgMediaFactory (554)
[2018.07.28-12.59.23:091][162]LogModuleManager: Shutting down and abandoning module ImgMediaEditor (552)
[2018.07.28-12.59.23:091][162]LogModuleManager: Shutting down and abandoning module AvfMediaFactory (550)
[2018.07.28-12.59.23:091][162]LogModuleManager: Shutting down and abandoning module AvfMediaEditor (548)
[2018.07.28-12.59.23:091][162]LogModuleManager: Shutting down and abandoning module AndroidMediaFactory (546)
[2018.07.28-12.59.23:091][162]LogModuleManager: Shutting down and abandoning module AndroidMediaEditor (544)
[2018.07.28-12.59.23:091][162]LogModuleManager: Shutting down and abandoning module MagicLeapCameraPreviewFactory (542)
[2018.07.28-12.59.23:091][162]LogModuleManager: Shutting down and abandoning module MagicLeapMediaFactory (540)
[2018.07.28-12.59.23:091][162]LogModuleManager: Shutting down and abandoning module MagicLeapMediaEditor (538)
[2018.07.28-12.59.23:091][162]LogModuleManager: Shutting down and abandoning module CharacterAI (536)
[2018.07.28-12.59.23:091][162]LogModuleManager: Shutting down and abandoning module SmartSnapping (534)
[2018.07.28-12.59.23:091][162]LogModuleManager: Shutting down and abandoning module SessionServices (532)
[2018.07.28-12.59.23:091][162]LogModuleManager: Shutting down and abandoning module ViewportSnapping (530)
[2018.07.28-12.59.23:091][162]LogModuleManager: Shutting down and abandoning module ViewportInteraction (528)
[2018.07.28-12.59.23:091][162]LogModuleManager: Shutting down and abandoning module ClothPainter (526)
[2018.07.28-12.59.23:091][162]LogModuleManager: Shutting down and abandoning module SkeletalMeshEditor (525)
[2018.07.28-12.59.23:091][162]LogModuleManager: Shutting down and abandoning module LogVisualizer (522)
[2018.07.28-12.59.23:091][162]LogModuleManager: Shutting down and abandoning module IntroTutorials (520)
[2018.07.28-12.59.23:091][162]LogModuleManager: Shutting down and abandoning module GameProjectGeneration (519)
[2018.07.28-12.59.23:091][162]LogModuleManager: Shutting down and abandoning module LuminPlatformEditor (516)
[2018.07.28-12.59.23:091][162]LogModuleManager: Shutting down and abandoning module IOSPlatformEditor (514)
[2018.07.28-12.59.23:091][162]LogModuleManager: Shutting down and abandoning module HTML5PlatformEditor (512)
[2018.07.28-12.59.23:091][162]LogModuleManager: Shutting down and abandoning module AndroidPlatformEditor (510)
[2018.07.28-12.59.23:091][162]LogModuleManager: Shutting down and abandoning module AndroidDeviceDetection (509)
[2018.07.28-12.59.23:579][162]LogModuleManager: Shutting down and abandoning module WindowsPlatformEditor (506)
[2018.07.28-12.59.23:579][162]LogModuleManager: Shutting down and abandoning module LuminRuntimeSettings (504)
[2018.07.28-12.59.23:579][162]LogModuleManager: Shutting down and abandoning module IOSRuntimeSettings (502)
[2018.07.28-12.59.23:579][162]LogModuleManager: Shutting down and abandoning module AndroidRuntimeSettings (500)
[2018.07.28-12.59.23:579][162]LogModuleManager: Shutting down and abandoning module InputBindingEditor (498)
[2018.07.28-12.59.23:579][162]LogModuleManager: Shutting down and abandoning module MergeActors (496)
[2018.07.28-12.59.23:579][162]LogModuleManager: Shutting down and abandoning module LocalizationDashboard (494)
[2018.07.28-12.59.23:579][162]LogModuleManager: Shutting down and abandoning module LocalizationService (493)
[2018.07.28-12.59.23:579][162]LogModuleManager: Shutting down and abandoning module HardwareTargeting (490)
[2018.07.28-12.59.23:579][162]LogModuleManager: Shutting down and abandoning module DeviceProfileEditor (488)
[2018.07.28-12.59.23:579][162]LogModuleManager: Shutting down and abandoning module UndoHistory (486)
[2018.07.28-12.59.23:579][162]LogModuleManager: Shutting down and abandoning module XmlParser (484)
[2018.07.28-12.59.23:579][162]LogModuleManager: Shutting down and abandoning module Blutility (482)
[2018.07.28-12.59.23:579][162]LogModuleManager: Shutting down and abandoning module ProjectSettingsViewer (480)
[2018.07.28-12.59.23:579][162]LogModuleManager: Shutting down and abandoning module ProjectTargetPlatformEditor (479)
[2018.07.28-12.59.23:579][162]LogModuleManager: Shutting down and abandoning module EditorSettingsViewer (476)
[2018.07.28-12.59.23:579][162]LogModuleManager: Shutting down and abandoning module SettingsEditor (474)
[2018.07.28-12.59.23:579][162]LogModuleManager: Shutting down and abandoning module ProjectLauncher (472)
[2018.07.28-12.59.23:579][162]LogModuleManager: Shutting down and abandoning module SessionFrontend (470)
[2018.07.28-12.59.23:579][162]LogModuleManager: Shutting down and abandoning module ProfilerClient (468)
[2018.07.28-12.59.23:579][162]LogModuleManager: Shutting down and abandoning module DeviceManager (466)
[2018.07.28-12.59.23:579][162]LogModuleManager: Shutting down and abandoning module TargetDeviceServices (465)
[2018.07.28-12.59.23:646][162]LogModuleManager: Shutting down and abandoning module AutomationController (462)
[2018.07.28-12.59.23:646][162]LogModuleManager: Shutting down and abandoning module AutomationWindow (460)
[2018.07.28-12.59.23:646][162]LogModuleManager: Shutting down and abandoning module Layers (458)
[2018.07.28-12.59.23:646][162]LogModuleManager: Shutting down and abandoning module ComponentVisualizers (456)
[2018.07.28-12.59.23:646][162]LogModuleManager: Shutting down and abandoning module DetailCustomizations (454)
[2018.07.28-12.59.23:646][162]LogModuleManager: Shutting down and abandoning module PackagesDialog (452)
[2018.07.28-12.59.23:646][162]LogModuleManager: Shutting down and abandoning module Persona (450)
[2018.07.28-12.59.23:646][162]LogModuleManager: Shutting down and abandoning module AdvancedPreviewScene (449)
[2018.07.28-12.59.23:646][162]LogModuleManager: Shutting down and abandoning module AnimGraph (447)
[2018.07.28-12.59.23:646][162]LogModuleManager: Shutting down and abandoning module Kismet (444)
[2018.07.28-12.59.23:650][162]LogModuleManager: Shutting down and abandoning module GraphEditor (442)
[2018.07.28-12.59.23:650][162]LogModuleManager: Shutting down and abandoning module ClassViewer (440)
[2018.07.28-12.59.23:651][162]LogModuleManager: Shutting down and abandoning module Toolbox (438)
[2018.07.28-12.59.23:651][162]LogModuleManager: Shutting down and abandoning module ModuleUI (436)
[2018.07.28-12.59.23:651][162]LogModuleManager: Shutting down and abandoning module MovieSceneTools (434)
[2018.07.28-12.59.23:652][162]LogModuleManager: Shutting down and abandoning module OutputLog (432)
[2018.07.28-12.59.23:652][162]LogModuleManager: Shutting down and abandoning module GammaUI (430)
[2018.07.28-12.59.23:652][162]LogModuleManager: Shutting down and abandoning module Documentation (428)
[2018.07.28-12.59.23:652][162]LogModuleManager: Shutting down and abandoning module MovieSceneTracks (426)
[2018.07.28-12.59.23:652][162]LogModuleManager: Shutting down and abandoning module MovieScene (424)
[2018.07.28-12.59.23:652][162]LogModuleManager: Shutting down and abandoning module StreamingPauseRendering (422)
[2018.07.28-12.59.23:652][162]LogModuleManager: Shutting down and abandoning module LauncherPlatform (420)
[2018.07.28-12.59.23:652][162]LogModuleManager: Shutting down and abandoning module AnalyticsET (418)
[2018.07.28-12.59.23:652][162]LogModuleManager: Shutting down and abandoning module PortalServices (416)
[2018.07.28-12.59.23:652][162]LogModuleManager: Shutting down and abandoning module PortalRpc (414)
[2018.07.28-12.59.23:652][162]LogModuleManager: Shutting down and abandoning module MessagingRpc (412)
[2018.07.28-12.59.23:652][162]LogModuleManager: Shutting down and abandoning module AIModule (410)
[2018.07.28-12.59.23:652][162]LogModuleManager: Shutting down and abandoning module GameplayDebugger (409)
[2018.07.28-12.59.23:652][162]LogModuleManager: Shutting down and abandoning module AITestSuite (407)
[2018.07.28-12.59.23:652][162]LogModuleManager: Shutting down and abandoning module NavigationSystem (405)
[2018.07.28-12.59.23:652][162]LogModuleManager: Shutting down and abandoning module DesktopPlatform (402)
[2018.07.28-12.59.23:652][162]LogModuleManager: Shutting down and abandoning module ProfilerService (400)
[2018.07.28-12.59.23:816][162]LogModuleManager: Shutting down and abandoning module TaskGraph (398)
[2018.07.28-12.59.23:816][162]LogModuleManager: Shutting down and abandoning module SteamVRController (396)
[2018.07.28-12.59.23:816][162]LogModuleManager: Shutting down and abandoning module ProceduralMeshComponentEditor (394)
[2018.07.28-12.59.23:816][162]LogModuleManager: Shutting down and abandoning module ProceduralMeshComponent (392)
[2018.07.28-12.59.23:816][162]LogModuleManager: Shutting down and abandoning module OculusInput (390)
[2018.07.28-12.59.23:816][162]LogModuleManager: Shutting down and abandoning module MobilePatchingUtils (388)
[2018.07.28-12.59.23:816][162]LogModuleManager: Shutting down and abandoning module EditableMesh (386)
[2018.07.28-12.59.23:816][162]LogModuleManager: Shutting down and abandoning module CustomMeshComponent (384)
[2018.07.28-12.59.23:816][162]LogModuleManager: Shutting down and abandoning module CableComponent (382)
[2018.07.28-12.59.23:816][162]LogModuleManager: Shutting down and abandoning module AudioCapture (380)
[2018.07.28-12.59.23:816][162]LogModuleManager: Shutting down and abandoning module ArchVisCharacter (378)
[2018.07.28-12.59.23:816][162]LogModuleManager: Shutting down and abandoning module AndroidPermission (376)
[2018.07.28-12.59.23:816][162]LogModuleManager: Shutting down and abandoning module NUTUnrealEngine4 (374)
[2018.07.28-12.59.23:816][162]LogModuleManager: Shutting down and abandoning module NetcodeUnitTest (372)
[2018.07.28-12.59.23:816][162]LogModuleManager: Shutting down and abandoning module MediaCompositingEditor (370)
[2018.07.28-12.59.23:816][162]LogModuleManager: Shutting down and abandoning module MediaCompositing (368)
[2018.07.28-12.59.23:817][162]LogModuleManager: Shutting down and abandoning module LinearTimecode (366)
[2018.07.28-12.59.23:817][162]LogModuleManager: Shutting down and abandoning module ImgMedia (364)
[2018.07.28-12.59.23:821][162]LogModuleManager: Shutting down and abandoning module HTML5Networking (362)
[2018.07.28-12.59.23:821][162]LogModuleManager: Shutting down and abandoning module GeometryCacheTracks (360)
[2018.07.28-12.59.23:822][162]LogModuleManager: Shutting down and abandoning module GeometryCacheSequencer (358)
[2018.07.28-12.59.23:822][162]LogModuleManager: Shutting down and abandoning module BackChannel (356)
[2018.07.28-12.59.23:822][162]LogModuleManager: Shutting down and abandoning module AppleVision (354)
[2018.07.28-12.59.23:822][162]LogModuleManager: Shutting down and abandoning module AppleImageUtils (352)
[2018.07.28-12.59.23:822][162]LogModuleManager: Shutting down and abandoning module AlembicImporter (350)
[2018.07.28-12.59.23:822][162]LogModuleManager: Shutting down and abandoning module AlembicLibrary (349)
[2018.07.28-12.59.23:822][162]LogModuleManager: Shutting down and abandoning module GeometryCache (348)
[2018.07.28-12.59.23:822][162]LogModuleManager: Shutting down and abandoning module GeometryCacheEd (347)
[2018.07.28-12.59.23:822][162]LogModuleManager: Shutting down and abandoning module DatasmithContentEditor (342)
[2018.07.28-12.59.23:822][162]LogModuleManager: Shutting down and abandoning module DatasmithContent (340)
[2018.07.28-12.59.23:822][162]LogModuleManager: Shutting down and abandoning module SpeedTreeImporter (338)
[2018.07.28-12.59.23:822][162]LogModuleManager: Shutting down and abandoning module PluginBrowser (336)
[2018.07.28-12.59.23:822][162]LogModuleManager: Shutting down and abandoning module MobileLauncherProfileWizard (334)
[2018.07.28-12.59.23:822][162]LogModuleManager: Shutting down and abandoning module PolygonModeling (332)
[2018.07.28-12.59.23:822][162]LogModuleManager: Shutting down and abandoning module MeshEditor (330)
[2018.07.28-12.59.23:822][162]LogModuleManager: Shutting down and abandoning module CryptoKeysOpenSSL (328)
[2018.07.28-12.59.23:822][162]LogModuleManager: Shutting down and abandoning module CryptoKeys (326)
[2018.07.28-12.59.23:822][162]LogModuleManager: Shutting down and abandoning module VisualStudioSourceCodeAccess (324)
[2018.07.28-12.59.23:822][162]LogModuleManager: Shutting down and abandoning module VisualStudioCodeSourceCodeAccess (322)
[2018.07.28-12.59.23:823][162]LogModuleManager: Shutting down and abandoning module UObjectPlugin (320)
[2018.07.28-12.59.23:823][162]LogModuleManager: Shutting down and abandoning module SubversionSourceControl (318)
[2018.07.28-12.59.23:823][162]LogModuleManager: Shutting down and abandoning module PerforceSourceControl (316)
[2018.07.28-12.59.23:823][162]LogModuleManager: Shutting down and abandoning module GitSourceControl (314)
[2018.07.28-12.59.23:823][162]LogModuleManager: Shutting down and abandoning module SourceControl (313)
[2018.07.28-12.59.23:823][162]LogModuleManager: Shutting down and abandoning module CLionSourceCodeAccess (310)
[2018.07.28-12.59.23:823][162]LogModuleManager: Shutting down and abandoning module LightPropagationVolumeEditor (308)
[2018.07.28-12.59.23:823][162]LogModuleManager: Shutting down and abandoning module PaperTiledImporter (306)
[2018.07.28-12.59.23:823][162]LogModuleManager: Shutting down and abandoning module PaperSpriteSheetImporter (304)
[2018.07.28-12.59.23:823][162]LogModuleManager: Shutting down and abandoning module Paper2DEditor (302)
[2018.07.28-12.59.23:823][162]LogModuleManager: Shutting down and abandoning module MeshPaint (301)
[2018.07.28-12.59.23:823][162]LogModuleManager: Shutting down and abandoning module RuntimePhysXCooking (298)
[2018.07.28-12.59.23:823][162]LogModuleManager: Shutting down and abandoning module PhysXVehiclesEditor (296)
[2018.07.28-12.59.23:823][162]LogModuleManager: Shutting down and abandoning module PhysXVehicles (294)
[2018.07.28-12.59.23:823][162]LogModuleManager: Shutting down and abandoning module OculusEditor (292)
[2018.07.28-12.59.23:823][162]LogModuleManager: Shutting down and abandoning module LocationServicesBPLibrary (290)
[2018.07.28-12.59.23:823][162]LogModuleManager: Shutting down and abandoning module ImmediatePhysicsEditor (288)
[2018.07.28-12.59.23:823][162]LogModuleManager: Shutting down and abandoning module ImmediatePhysics (286)
[2018.07.28-12.59.23:823][162]LogModuleManager: Shutting down and abandoning module ActorSequence (284)
[2018.07.28-12.59.23:823][162]LogModuleManager: Shutting down and abandoning module UdpMessaging (282)
[2018.07.28-12.59.23:924][162]LogModuleManager: Shutting down and abandoning module TcpMessaging (280)
[2018.07.28-12.59.24:025][162]LogModuleManager: Shutting down and abandoning module MagicLeapAudio (278)
[2018.07.28-12.59.24:025][162]LogModuleManager: Shutting down and abandoning module GameplayTagsEditor (276)
[2018.07.28-12.59.24:025][162]LogModuleManager: Shutting down and abandoning module FacialAnimationEditor (274)
[2018.07.28-12.59.24:025][162]LogModuleManager: Shutting down and abandoning module FacialAnimation (272)
[2018.07.28-12.59.24:025][162]LogModuleManager: Shutting down and abandoning module DataValidation (270)
[2018.07.28-12.59.24:025][162]LogModuleManager: Shutting down and abandoning module AssetManagerEditor (268)
[2018.07.28-12.59.24:025][162]LogModuleManager: Shutting down and abandoning module LevelEditor (267)
[2018.07.28-12.59.24:025][162]LogModuleManager: Shutting down and abandoning module PixelInspectorModule (266)
[2018.07.28-12.59.24:026][162]LogModuleManager: Shutting down and abandoning module CommonMenuExtensions (264)
[2018.07.28-12.59.24:026][162]LogModuleManager: Shutting down and abandoning module MainFrame (262)
[2018.07.28-12.59.24:026][162]LogModuleManager: Shutting down and abandoning module HotReload (261)
[2018.07.28-12.59.24:027][162]LogModuleManager: Shutting down and abandoning module ContentBrowser (257)
[2018.07.28-12.59.24:028][162]LogModuleManager: Shutting down and abandoning module TreeMap (255)
[2018.07.28-12.59.24:028][162]LogModuleManager: Shutting down and abandoning module LightPropagationVolumeRuntime (252)
[2018.07.28-12.59.24:028][162]LogModuleManager: Shutting down and abandoning module AISupportModule (250)
[2018.07.28-12.59.24:028][162]LogModuleManager: Shutting down and abandoning module Paper2D (248)
[2018.07.28-12.59.24:028][162]LogModuleManager: Shutting down and abandoning module WindowsMoviePlayer (246)
[2018.07.28-12.59.24:028][162]LogModuleManager: Shutting down and abandoning module WmfMedia (244)
[2018.07.28-12.59.24:029][162]LogModuleManager: Shutting down and abandoning module Media (243)
[2018.07.28-12.59.24:035][162]LogModuleManager: Shutting down and abandoning module PacketHandler (240)
[2018.07.28-12.59.24:035][162]LogModuleManager: Shutting down and abandoning module ClothingSystemEditor (238)
[2018.07.28-12.59.24:035][162]LogModuleManager: Shutting down and abandoning module ClothingSystemRuntime (236)
[2018.07.28-12.59.24:035][162]LogModuleManager: Shutting down and abandoning module MediaAssets (234)
[2018.07.28-12.59.24:035][162]LogModuleManager: Shutting down and abandoning module Overlay (232)
[2018.07.28-12.59.24:035][162]LogModuleManager: Shutting down and abandoning module OverlayEditor (231)
[2018.07.28-12.59.24:035][162]LogModuleManager: Shutting down and abandoning module VREditor (228)
[2018.07.28-12.59.24:035][162]LogModuleManager: Shutting down and abandoning module StringTableEditor (226)
[2018.07.28-12.59.24:035][162]LogModuleManager: Shutting down and abandoning module GameplayTasksEditor (224)
[2018.07.28-12.59.24:035][162]LogModuleManager: Shutting down and abandoning module BehaviorTreeEditor (222)
[2018.07.28-12.59.24:035][162]LogModuleManager: Shutting down and abandoning module FunctionalTesting (220)
[2018.07.28-12.59.24:035][162]LogModuleManager: Shutting down and abandoning module CollisionAnalyzer (218)
[2018.07.28-12.59.24:035][162]LogModuleManager: Shutting down and abandoning module WorkspaceMenuStructure (217)
[2018.07.28-12.59.24:035][162]LogModuleManager: Shutting down and abandoning module UMG (214)
[2018.07.28-12.59.24:035][162]LogModuleManager: Shutting down and abandoning module UMGEditor (213)
[2018.07.28-12.59.24:035][162]LogModuleManager: Shutting down and abandoning module Sequencer (212)
[2018.07.28-12.59.24:035][162]LogModuleManager: Shutting down and abandoning module MessageLog (209)
[2018.07.28-12.59.24:035][162]LogModuleManager: Shutting down and abandoning module SlateReflector (204)
[2018.07.28-12.59.24:035][162]LogModuleManager: Shutting down and abandoning module Slate (202)
[2018.07.28-12.59.24:035][162]LogModuleManager: Shutting down and abandoning module EditorStyle (200)
[2018.07.28-12.59.24:037][162]LogModuleManager: Shutting down and abandoning module MRMesh (198)
[2018.07.28-12.59.24:037][162]LogModuleManager: Shutting down and abandoning module SourceCodeAccess (196)
[2018.07.28-12.59.24:037][162]LogModuleManager: Shutting down and abandoning module HeadMountedDisplay (194)
[2018.07.28-12.59.24:037][162]LogModuleManager: Shutting down and abandoning module XAudio2 (192)
[2018.07.28-12.59.24:037][162]LogModuleManager: Shutting down and abandoning module Networking (190)
[2018.07.28-12.59.24:037][162]LogModuleManager: Shutting down and abandoning module Core (188)
[2018.07.28-12.59.24:037][162]LogModuleManager: Shutting down and abandoning module LevelSequence (186)
[2018.07.28-12.59.24:037][162]LogModuleManager: Shutting down and abandoning module KismetCompiler (184)
[2018.07.28-12.59.24:037][162]LogModuleManager: Shutting down and abandoning module MeshUtilities (182)
[2018.07.28-12.59.24:037][162]LogModuleManager: Shutting down and abandoning module MeshMergeUtilities (181)
[2018.07.28-12.59.24:037][162]LogModuleManager: Shutting down and abandoning module MeshReductionInterface (180)
[2018.07.28-12.59.24:037][162]LogModuleManager: Shutting down and abandoning module SimplygonSwarm (179)
[2018.07.28-12.59.24:037][162]LogModuleManager: Shutting down and abandoning module ProxyLODMeshReduction (177)
[2018.07.28-12.59.24:037][162]LogModuleManager: Shutting down and abandoning module SimplygonMeshReduction (175)
[2018.07.28-12.59.24:037][162]LogModuleManager: Shutting down and abandoning module QuadricMeshReduction (173)
[2018.07.28-12.59.24:037][162]LogModuleManager: Shutting down and abandoning module MaterialBaking (169)
[2018.07.28-12.59.24:037][162]LogModuleManager: Shutting down and abandoning module DirectoryWatcher (165)
[2018.07.28-12.59.24:037][162]LogModuleManager: Shutting down and abandoning module DerivedDataCache (162)
[2018.07.28-12.59.24:116][162]LogDerivedDataCache: Shutdown
[2018.07.28-12.59.24:116][162]LogModuleManager: Shutting down and abandoning module XGEController (160)
[2018.07.28-12.59.24:116][162]LogModuleManager: Shutting down and abandoning module TargetPlatform (158)
[2018.07.28-12.59.24:116][162]LogModuleManager: Shutting down and abandoning module VulkanShaderFormat (157)
[2018.07.28-12.59.24:116][162]LogModuleManager: Shutting down and abandoning module ShaderFormatVectorVM (155)
[2018.07.28-12.59.24:116][162]LogModuleManager: Shutting down and abandoning module ShaderFormatOpenGL (153)
[2018.07.28-12.59.24:116][162]LogModuleManager: Shutting down and abandoning module ShaderFormatD3D (151)
[2018.07.28-12.59.24:116][162]LogModuleManager: Shutting down and abandoning module MetalShaderFormat (149)
[2018.07.28-12.59.24:116][162]LogModuleManager: Shutting down and abandoning module TextureFormatUncompressed (147)
[2018.07.28-12.59.24:116][162]LogModuleManager: Shutting down and abandoning module TextureFormatPVR (145)
[2018.07.28-12.59.24:116][162]LogModuleManager: Shutting down and abandoning module TextureFormatDXT (143)
[2018.07.28-12.59.24:116][162]LogModuleManager: Shutting down and abandoning module TextureFormatIntelISPCTexComp (141)
[2018.07.28-12.59.24:117][162]LogModuleManager: Shutting down and abandoning module TextureFormatASTC (139)
[2018.07.28-12.59.24:117][162]LogModuleManager: Shutting down and abandoning module ImageWrapper (138)
[2018.07.28-12.59.24:117][162]LogModuleManager: Shutting down and abandoning module TextureFormatAndroid (135)
[2018.07.28-12.59.24:117][162]LogModuleManager: Shutting down and abandoning module AudioFormatOpus (133)
[2018.07.28-12.59.24:117][162]LogModuleManager: Shutting down and abandoning module AudioFormatOgg (131)
[2018.07.28-12.59.24:117][162]LogModuleManager: Shutting down and abandoning module AudioFormatADPCM (129)
[2018.07.28-12.59.24:117][162]LogModuleManager: Shutting down and abandoning module LuminTargetPlatform (127)
[2018.07.28-12.59.24:117][162]LogModuleManager: Shutting down and abandoning module LinuxTargetPlatform (125)
[2018.07.28-12.59.24:117][162]LogModuleManager: Shutting down and abandoning module LinuxServerTargetPlatform (123)
[2018.07.28-12.59.24:117][162]LogModuleManager: Shutting down and abandoning module LinuxNoEditorTargetPlatform (121)
[2018.07.28-12.59.24:117][162]LogModuleManager: Shutting down and abandoning module LinuxClientTargetPlatform (119)
[2018.07.28-12.59.24:117][162]LogModuleManager: Shutting down and abandoning module TVOSTargetPlatform (117)
[2018.07.28-12.59.24:117][162]LogModuleManager: Shutting down and abandoning module Messaging (115)
[2018.07.28-12.59.24:117][162]LogModuleManager: Shutting down and abandoning module IOSTargetPlatform (113)
[2018.07.28-12.59.24:118][162]LogModuleManager: Shutting down and abandoning module HTML5TargetPlatform (111)
[2018.07.28-12.59.24:118][162]LogModuleManager: Shutting down and abandoning module AndroidTargetPlatform (109)
[2018.07.28-12.59.24:125][162]LogModuleManager: Shutting down and abandoning module WindowsTargetPlatform (107)
[2018.07.28-12.59.24:126][162]LogModuleManager: Shutting down and abandoning module WindowsServerTargetPlatform (105)
[2018.07.28-12.59.24:126][162]LogModuleManager: Shutting down and abandoning module WindowsNoEditorTargetPlatform (103)
[2018.07.28-12.59.24:126][162]LogModuleManager: Shutting down and abandoning module WindowsClientTargetPlatform (101)
[2018.07.28-12.59.24:126][162]LogModuleManager: Shutting down and abandoning module MacTargetPlatform (99)
[2018.07.28-12.59.24:126][162]LogModuleManager: Shutting down and abandoning module MacServerTargetPlatform (97)
[2018.07.28-12.59.24:126][162]LogModuleManager: Shutting down and abandoning module MacNoEditorTargetPlatform (95)
[2018.07.28-12.59.24:126][162]LogModuleManager: Shutting down and abandoning module MacClientTargetPlatform (93)
[2018.07.28-12.59.24:126][162]LogModuleManager: Shutting down and abandoning module AllDesktopTargetPlatform (91)
[2018.07.28-12.59.24:126][162]LogModuleManager: Shutting down and abandoning module InputCore (88)
[2018.07.28-12.59.24:126][162]LogModuleManager: Shutting down and abandoning module Settings (86)
[2018.07.28-12.59.24:126][162]LogModuleManager: Shutting down and abandoning module PhysXCooking (84)
[2018.07.28-12.59.24:126][162]LogModuleManager: Shutting down and abandoning module SteamVR (82)
[2018.07.28-12.59.24:126][162]LogModuleManager: Shutting down and abandoning module OculusHMD (80)
[2018.07.28-12.59.24:126][162]LogModuleManager: Shutting down and abandoning module ExampleDeviceProfileSelector (78)
[2018.07.28-12.59.24:126][162]LogModuleManager: Shutting down and abandoning module LauncherChunkInstaller (76)
[2018.07.28-12.59.24:126][162]LogModuleManager: Shutting down and abandoning module OnlineBlueprintSupport (74)
[2018.07.28-12.59.24:126][162]LogModuleManager: Shutting down and abandoning module OnlineSubsystem (70)
[2018.07.28-12.59.24:127][162]LogModuleManager: Shutting down and abandoning module XMPP (65)
[2018.07.28-12.59.24:127][162]LogModuleManager: Shutting down and abandoning module WebSockets (64)
[2018.07.28-12.59.24:158][162]LogModuleManager: Shutting down and abandoning module HTTP (61)
[2018.07.28-12.59.24:158][162]LogHttp: Display: Http module shutting down, but needs to wait on 1 outstanding Http requests:
[2018.07.28-12.59.24:158][162]LogHttp: Display: 	verb=[POST] url=[https://datarouter.ol.epicgames.com/datarouter/api/v1/public/data?SessionID=%7B5126B945-4A5B-1C20-8C82-E9B9AFA4AB68%7D&AppID=UEEditor.Rocket.Release&AppVersion=4.20.0-4212847%2B%2B%2BUE4%2BRelease-4.20&UserID=d7688a6640f0964f73ba509599f8bb24%7C465f8e42d3304c3ebc0b2c3a2fd4376e%7C790d13ff-5b72-403d-afbf-247cd8cf5fa6&AppEnvironment=datacollector-binary&UploadType=eteventstream] status=Processing
[2018.07.28-12.59.24:169][162]LogModuleManager: Shutting down and abandoning module SSL (60)
[2018.07.28-12.59.24:170][162]LogModuleManager: Shutting down and abandoning module MagicLeapEmulator (56)
[2018.07.28-12.59.24:170][162]LogModuleManager: Shutting down and abandoning module MagicLeapPrivileges (54)
[2018.07.28-12.59.24:170][162]LogModuleManager: Shutting down and abandoning module MagicLeapIdentity (52)
[2018.07.28-12.59.24:170][162]LogModuleManager: Shutting down and abandoning module MagicLeapHelperVulkan (50)
[2018.07.28-12.59.24:170][162]LogModuleManager: Shutting down and abandoning module MagicLeapHelperOpenGL (48)
[2018.07.28-12.59.24:170][162]LogModuleManager: Shutting down and abandoning module MagicLeapSecureStorage (46)
[2018.07.28-12.59.24:170][162]LogModuleManager: Shutting down and abandoning module MagicLeapGestures (44)
[2018.07.28-12.59.24:171][162]LogModuleManager: Shutting down and abandoning module MagicLeapEyeTracker (42)
[2018.07.28-12.59.24:171][162]LogModuleManager: Shutting down and abandoning module MagicLeapController (40)
[2018.07.28-12.59.24:171][162]LogSlate: Slate User Destroyed.  User Index 0, Is Virtual User: 0
[2018.07.28-12.59.24:171][162]LogModuleManager: Shutting down and abandoning module MagicLeap (38)
[2018.07.28-12.59.24:171][162]LogModuleManager: Shutting down and abandoning module AnimationModifiers (36)
[2018.07.28-12.59.24:171][162]LogModuleManager: Shutting down and abandoning module PropertyEditor (35)
[2018.07.28-12.59.24:171][162]LogModuleManager: Shutting down and abandoning module AudioEditor (32)
[2018.07.28-12.59.24:171][162]LogModuleManager: Shutting down and abandoning module TextureCompressor (30)
[2018.07.28-12.59.24:171][162]LogModuleManager: Shutting down and abandoning module ShaderCore (28)
[2018.07.28-12.59.24:171][162]LogModuleManager: Shutting down and abandoning module Landscape (26)
[2018.07.28-12.59.24:171][162]LogModuleManager: Shutting down and abandoning module SlateRHIRenderer (24)
[2018.07.28-12.59.24:172][162]LogModuleManager: Shutting down and abandoning module OpenGLDrv (22)
[2018.07.28-12.59.24:172][162]LogModuleManager: Shutting down and abandoning module D3D11RHI (20)
[2018.07.28-12.59.24:172][162]LogModuleManager: Shutting down and abandoning module AnimGraphRuntime (18)
[2018.07.28-12.59.24:172][162]LogModuleManager: Shutting down and abandoning module Renderer (16)
[2018.07.28-12.59.24:172][162]LogModuleManager: Shutting down and abandoning module Engine (14)
[2018.07.28-12.59.24:172][162]LogModuleManager: Shutting down and abandoning module CoreUObject (12)
[2018.07.28-12.59.24:172][162]LogModuleManager: Shutting down and abandoning module NetworkFile (10)
[2018.07.28-12.59.24:172][162]LogModuleManager: Shutting down and abandoning module CookedIterativeFile (8)
[2018.07.28-12.59.24:172][162]LogModuleManager: Shutting down and abandoning module StreamingFile (6)
[2018.07.28-12.59.24:172][162]LogModuleManager: Shutting down and abandoning module SandboxFile (4)
[2018.07.28-12.59.24:172][162]LogModuleManager: Shutting down and abandoning module PakFile (2)
[2018.07.28-12.59.24:179][162]LogExit: Exiting.
[2018.07.28-12.59.24:194][162]Log file closed, 07/28/18 22:59:24
